Copyright 1986-2018 Xilinx, Inc. All Rights Reserved.
-----------------------------------------------------------------------------------------------------------------------------------------------------------------------------------------------------------
| Tool Version : Vivado v.2018.1 (lin64) Build 2188600 Wed Apr  4 18:39:19 MDT 2018
| Date         : Tue Jun  5 21:26:39 2018
| Host         : localhost.localdomain running 64-bit unknown
| Command      : report_timing_summary -max_paths 10 -file vga_advanced_timing_summary_routed.rpt -pb vga_advanced_timing_summary_routed.pb -rpx vga_advanced_timing_summary_routed.rpx -warn_on_violation
| Design       : vga_advanced
| Device       : 7a35t-cpg236
| Speed File   : -1  PRODUCTION 1.21 2018-02-08
-----------------------------------------------------------------------------------------------------------------------------------------------------------------------------------------------------------

Timing Summary Report

------------------------------------------------------------------------------------------------
| Timer Settings
| --------------
------------------------------------------------------------------------------------------------

  Enable Multi Corner Analysis               :  Yes
  Enable Pessimism Removal                   :  Yes
  Pessimism Removal Resolution               :  Nearest Common Node
  Enable Input Delay Default Clock           :  No
  Enable Preset / Clear Arcs                 :  No
  Disable Flight Delays                      :  No
  Ignore I/O Paths                           :  No
  Timing Early Launch at Borrowing Latches   :  false

  Corner  Analyze    Analyze    
  Name    Max Paths  Min Paths  
  ------  ---------  ---------  
  Slow    Yes        Yes        
  Fast    Yes        Yes        



check_timing report

Table of Contents
-----------------
1. checking no_clock
2. checking constant_clock
3. checking pulse_width_clock
4. checking unconstrained_internal_endpoints
5. checking no_input_delay
6. checking no_output_delay
7. checking multiple_clock
8. checking generated_clocks
9. checking loops
10. checking partial_input_delay
11. checking partial_output_delay
12. checking latch_loops

1. checking no_clock
--------------------
 There are 22 register/latch pins with no clock driven by root clock pin: vga_0/buf_h_sync_reg/Q (HIGH)

 There are 12 register/latch pins with no clock driven by root clock pin: vga_0/s_pixel_clk_reg/Q (HIGH)


2. checking constant_clock
--------------------------
 There are 0 register/latch pins with constant_clock.


3. checking pulse_width_clock
-----------------------------
 There are 0 register/latch pins which need pulse_width check


4. checking unconstrained_internal_endpoints
--------------------------------------------
 There are 74 pins that are not constrained for maximum delay. (HIGH)

 There are 0 pins that are not constrained for maximum delay due to constant clock.


5. checking no_input_delay
--------------------------
 There are 0 input ports with no input delay specified.

 There are 0 input ports with no input delay but user has a false path constraint.


6. checking no_output_delay
---------------------------
 There are 14 ports with no output delay specified. (HIGH)

 There are 0 ports with no output delay but user has a false path constraint

 There are 0 ports with no output delay but with a timing clock defined on it or propagating through it


7. checking multiple_clock
--------------------------
 There are 0 register/latch pins with multiple clocks.


8. checking generated_clocks
----------------------------
 There are 0 generated clocks that are not connected to a clock source.


9. checking loops
-----------------
 There are 0 combinational loops in the design.


10. checking partial_input_delay
--------------------------------
 There are 0 input ports with partial input delay specified.


11. checking partial_output_delay
---------------------------------
 There are 0 ports with partial output delay specified.


12. checking latch_loops
------------------------
 There are 0 combinational latch loops in the design through latch input



------------------------------------------------------------------------------------------------
| Design Timing Summary
| ---------------------
------------------------------------------------------------------------------------------------

    WNS(ns)      TNS(ns)  TNS Failing Endpoints  TNS Total Endpoints      WHS(ns)      THS(ns)  THS Failing Endpoints  THS Total Endpoints     WPWS(ns)     TPWS(ns)  TPWS Failing Endpoints  TPWS Total Endpoints  
    -------      -------  ---------------------  -------------------      -------      -------  ---------------------  -------------------     --------     --------  ----------------------  --------------------  
      8.414        0.000                      0                    2        0.326        0.000                      0                    2        4.500        0.000                       0                     3  


All user specified timing constraints are met.


------------------------------------------------------------------------------------------------
| Clock Summary
| -------------
------------------------------------------------------------------------------------------------

Clock        Waveform(ns)       Period(ns)      Frequency(MHz)
-----        ------------       ----------      --------------
sys_clk_pin  {0.000 5.000}      10.000          100.000         


------------------------------------------------------------------------------------------------
| Intra Clock Table
| -----------------
------------------------------------------------------------------------------------------------

Clock             WNS(ns)      TNS(ns)  TNS Failing Endpoints  TNS Total Endpoints      WHS(ns)      THS(ns)  THS Failing Endpoints  THS Total Endpoints     WPWS(ns)     TPWS(ns)  TPWS Failing Endpoints  TPWS Total Endpoints  
-----             -------      -------  ---------------------  -------------------      -------      -------  ---------------------  -------------------     --------     --------  ----------------------  --------------------  
sys_clk_pin         8.414        0.000                      0                    2        0.326        0.000                      0                    2        4.500        0.000                       0                     3  


------------------------------------------------------------------------------------------------
| Inter Clock Table
| -----------------
------------------------------------------------------------------------------------------------

From Clock    To Clock          WNS(ns)      TNS(ns)  TNS Failing Endpoints  TNS Total Endpoints      WHS(ns)      THS(ns)  THS Failing Endpoints  THS Total Endpoints  
----------    --------          -------      -------  ---------------------  -------------------      -------      -------  ---------------------  -------------------  


------------------------------------------------------------------------------------------------
| Other Path Groups Table
| -----------------------
------------------------------------------------------------------------------------------------

Path Group    From Clock    To Clock          WNS(ns)      TNS(ns)  TNS Failing Endpoints  TNS Total Endpoints      WHS(ns)      THS(ns)  THS Failing Endpoints  THS Total Endpoints  
----------    ----------    --------          -------      -------  ---------------------  -------------------      -------      -------  ---------------------  -------------------  


------------------------------------------------------------------------------------------------
| Timing Details
| --------------
------------------------------------------------------------------------------------------------


---------------------------------------------------------------------------------------------------
From Clock:  sys_clk_pin
  To Clock:  sys_clk_pin

Setup :            0  Failing Endpoints,  Worst Slack        8.414ns,  Total Violation        0.000ns
Hold  :            0  Failing Endpoints,  Worst Slack        0.326ns,  Total Violation        0.000ns
PW    :            0  Failing Endpoints,  Worst Slack        4.500ns,  Total Violation        0.000ns
---------------------------------------------------------------------------------------------------


Max Delay Paths
--------------------------------------------------------------------------------------
Slack (MET) :             8.414ns  (required time - arrival time)
  Source:                 vga_0/v_clock_count_reg[0]/C
                            (rising edge-triggered cell FDRE clocked by sys_clk_pin  {rise@0.000ns fall@5.000ns period=10.000ns})
  Destination:            vga_0/s_pixel_clk_reg/D
                            (rising edge-triggered cell FDRE clocked by sys_clk_pin  {rise@0.000ns fall@5.000ns period=10.000ns})
  Path Group:             sys_clk_pin
  Path Type:              Setup (Max at Slow Process Corner)
  Requirement:            10.000ns  (sys_clk_pin rise@10.000ns - sys_clk_pin rise@0.000ns)
  Data Path Delay:        1.628ns  (logic 0.773ns (47.484%)  route 0.855ns (52.516%))
  Logic Levels:           1  (LUT2=1)
  Clock Path Skew:        0.000ns (DCD - SCD + CPR)
    Destination Clock Delay (DCD):    4.849ns = ( 14.849 - 10.000 ) 
    Source Clock Delay      (SCD):    5.146ns
    Clock Pessimism Removal (CPR):    0.297ns
  Clock Uncertainty:      0.035ns  ((TSJ^2 + TIJ^2)^1/2 + DJ) / 2 + PE
    Total System Jitter     (TSJ):    0.071ns
    Total Input Jitter      (TIJ):    0.000ns
    Discrete Jitter          (DJ):    0.000ns
    Phase Error              (PE):    0.000ns

    Location             Delay type                Incr(ns)  Path(ns)    Netlist Resource(s)
  -------------------------------------------------------------------    -------------------
                         (clock sys_clk_pin rise edge)
                                                      0.000     0.000 r  
    W5                                                0.000     0.000 r  clk (IN)
                         net (fo=0)                   0.000     0.000    clk
    W5                   IBUF (Prop_ibuf_I_O)         1.458     1.458 r  clk_IBUF_inst/O
                         net (fo=1, routed)           1.967     3.425    clk_IBUF
    BUFGCTRL_X0Y0        BUFG (Prop_bufg_I_O)         0.096     3.521 r  clk_IBUF_BUFG_inst/O
                         net (fo=2, routed)           1.625     5.146    vga_0/clk_IBUF_BUFG
    SLICE_X2Y29          FDRE                                         r  vga_0/v_clock_count_reg[0]/C
  -------------------------------------------------------------------    -------------------
    SLICE_X2Y29          FDRE (Prop_fdre_C_Q)         0.478     5.624 r  vga_0/v_clock_count_reg[0]/Q
                         net (fo=2, routed)           0.855     6.479    vga_0/v_clock_count[0]
    SLICE_X2Y29          LUT2 (Prop_lut2_I0_O)        0.295     6.774 r  vga_0/s_pixel_clk_i_1/O
                         net (fo=1, routed)           0.000     6.774    vga_0/s_pixel_clk_i_1_n_0
    SLICE_X2Y29          FDRE                                         r  vga_0/s_pixel_clk_reg/D
  -------------------------------------------------------------------    -------------------

                         (clock sys_clk_pin rise edge)
                                                     10.000    10.000 r  
    W5                                                0.000    10.000 r  clk (IN)
                         net (fo=0)                   0.000    10.000    clk
    W5                   IBUF (Prop_ibuf_I_O)         1.388    11.388 r  clk_IBUF_inst/O
                         net (fo=1, routed)           1.862    13.250    clk_IBUF
    BUFGCTRL_X0Y0        BUFG (Prop_bufg_I_O)         0.091    13.341 r  clk_IBUF_BUFG_inst/O
                         net (fo=2, routed)           1.508    14.849    vga_0/clk_IBUF_BUFG
    SLICE_X2Y29          FDRE                                         r  vga_0/s_pixel_clk_reg/C
                         clock pessimism              0.297    15.146    
                         clock uncertainty           -0.035    15.111    
    SLICE_X2Y29          FDRE (Setup_fdre_C_D)        0.077    15.188    vga_0/s_pixel_clk_reg
  -------------------------------------------------------------------
                         required time                         15.188    
                         arrival time                          -6.774    
  -------------------------------------------------------------------
                         slack                                  8.414    

Slack (MET) :             8.431ns  (required time - arrival time)
  Source:                 vga_0/v_clock_count_reg[0]/C
                            (rising edge-triggered cell FDRE clocked by sys_clk_pin  {rise@0.000ns fall@5.000ns period=10.000ns})
  Destination:            vga_0/v_clock_count_reg[0]/D
                            (rising edge-triggered cell FDRE clocked by sys_clk_pin  {rise@0.000ns fall@5.000ns period=10.000ns})
  Path Group:             sys_clk_pin
  Path Type:              Setup (Max at Slow Process Corner)
  Requirement:            10.000ns  (sys_clk_pin rise@10.000ns - sys_clk_pin rise@0.000ns)
  Data Path Delay:        1.652ns  (logic 0.797ns (48.247%)  route 0.855ns (51.753%))
  Logic Levels:           1  (LUT1=1)
  Clock Path Skew:        0.000ns (DCD - SCD + CPR)
    Destination Clock Delay (DCD):    4.849ns = ( 14.849 - 10.000 ) 
    Source Clock Delay      (SCD):    5.146ns
    Clock Pessimism Removal (CPR):    0.297ns
  Clock Uncertainty:      0.035ns  ((TSJ^2 + TIJ^2)^1/2 + DJ) / 2 + PE
    Total System Jitter     (TSJ):    0.071ns
    Total Input Jitter      (TIJ):    0.000ns
    Discrete Jitter          (DJ):    0.000ns
    Phase Error              (PE):    0.000ns

    Location             Delay type                Incr(ns)  Path(ns)    Netlist Resource(s)
  -------------------------------------------------------------------    -------------------
                         (clock sys_clk_pin rise edge)
                                                      0.000     0.000 r  
    W5                                                0.000     0.000 r  clk (IN)
                         net (fo=0)                   0.000     0.000    clk
    W5                   IBUF (Prop_ibuf_I_O)         1.458     1.458 r  clk_IBUF_inst/O
                         net (fo=1, routed)           1.967     3.425    clk_IBUF
    BUFGCTRL_X0Y0        BUFG (Prop_bufg_I_O)         0.096     3.521 r  clk_IBUF_BUFG_inst/O
                         net (fo=2, routed)           1.625     5.146    vga_0/clk_IBUF_BUFG
    SLICE_X2Y29          FDRE                                         r  vga_0/v_clock_count_reg[0]/C
  -------------------------------------------------------------------    -------------------
    SLICE_X2Y29          FDRE (Prop_fdre_C_Q)         0.478     5.624 f  vga_0/v_clock_count_reg[0]/Q
                         net (fo=2, routed)           0.855     6.479    vga_0/v_clock_count[0]
    SLICE_X2Y29          LUT1 (Prop_lut1_I0_O)        0.319     6.798 r  vga_0/v_clock_count[0]_i_1/O
                         net (fo=1, routed)           0.000     6.798    vga_0/v_clock_count[0]_i_1_n_0
    SLICE_X2Y29          FDRE                                         r  vga_0/v_clock_count_reg[0]/D
  -------------------------------------------------------------------    -------------------

                         (clock sys_clk_pin rise edge)
                                                     10.000    10.000 r  
    W5                                                0.000    10.000 r  clk (IN)
                         net (fo=0)                   0.000    10.000    clk
    W5                   IBUF (Prop_ibuf_I_O)         1.388    11.388 r  clk_IBUF_inst/O
                         net (fo=1, routed)           1.862    13.250    clk_IBUF
    BUFGCTRL_X0Y0        BUFG (Prop_bufg_I_O)         0.091    13.341 r  clk_IBUF_BUFG_inst/O
                         net (fo=2, routed)           1.508    14.849    vga_0/clk_IBUF_BUFG
    SLICE_X2Y29          FDRE                                         r  vga_0/v_clock_count_reg[0]/C
                         clock pessimism              0.297    15.146    
                         clock uncertainty           -0.035    15.111    
    SLICE_X2Y29          FDRE (Setup_fdre_C_D)        0.118    15.229    vga_0/v_clock_count_reg[0]
  -------------------------------------------------------------------
                         required time                         15.229    
                         arrival time                          -6.798    
  -------------------------------------------------------------------
                         slack                                  8.431    





Min Delay Paths
--------------------------------------------------------------------------------------
Slack (MET) :             0.326ns  (arrival time - required time)
  Source:                 vga_0/s_pixel_clk_reg/C
                            (rising edge-triggered cell FDRE clocked by sys_clk_pin  {rise@0.000ns fall@5.000ns period=10.000ns})
  Destination:            vga_0/s_pixel_clk_reg/D
                            (rising edge-triggered cell FDRE clocked by sys_clk_pin  {rise@0.000ns fall@5.000ns period=10.000ns})
  Path Group:             sys_clk_pin
  Path Type:              Hold (Min at Fast Process Corner)
  Requirement:            0.000ns  (sys_clk_pin rise@0.000ns - sys_clk_pin rise@0.000ns)
  Data Path Delay:        0.446ns  (logic 0.209ns (46.877%)  route 0.237ns (53.123%))
  Logic Levels:           1  (LUT2=1)
  Clock Path Skew:        0.000ns (DCD - SCD - CPR)
    Destination Clock Delay (DCD):    1.982ns
    Source Clock Delay      (SCD):    1.469ns
    Clock Pessimism Removal (CPR):    0.513ns

    Location             Delay type                Incr(ns)  Path(ns)    Netlist Resource(s)
  -------------------------------------------------------------------    -------------------
                         (clock sys_clk_pin rise edge)
                                                      0.000     0.000 r  
    W5                                                0.000     0.000 r  clk (IN)
                         net (fo=0)                   0.000     0.000    clk
    W5                   IBUF (Prop_ibuf_I_O)         0.226     0.226 r  clk_IBUF_inst/O
                         net (fo=1, routed)           0.631     0.858    clk_IBUF
    BUFGCTRL_X0Y0        BUFG (Prop_bufg_I_O)         0.026     0.884 r  clk_IBUF_BUFG_inst/O
                         net (fo=2, routed)           0.586     1.469    vga_0/clk_IBUF_BUFG
    SLICE_X2Y29          FDRE                                         r  vga_0/s_pixel_clk_reg/C
  -------------------------------------------------------------------    -------------------
    SLICE_X2Y29          FDRE (Prop_fdre_C_Q)         0.164     1.633 r  vga_0/s_pixel_clk_reg/Q
                         net (fo=13, routed)          0.237     1.870    vga_0/s_pixel_clk_reg_n_0
    SLICE_X2Y29          LUT2 (Prop_lut2_I1_O)        0.045     1.915 r  vga_0/s_pixel_clk_i_1/O
                         net (fo=1, routed)           0.000     1.915    vga_0/s_pixel_clk_i_1_n_0
    SLICE_X2Y29          FDRE                                         r  vga_0/s_pixel_clk_reg/D
  -------------------------------------------------------------------    -------------------

                         (clock sys_clk_pin rise edge)
                                                      0.000     0.000 r  
    W5                                                0.000     0.000 r  clk (IN)
                         net (fo=0)                   0.000     0.000    clk
    W5                   IBUF (Prop_ibuf_I_O)         0.414     0.414 r  clk_IBUF_inst/O
                         net (fo=1, routed)           0.685     1.099    clk_IBUF
    BUFGCTRL_X0Y0        BUFG (Prop_bufg_I_O)         0.029     1.128 r  clk_IBUF_BUFG_inst/O
                         net (fo=2, routed)           0.855     1.982    vga_0/clk_IBUF_BUFG
    SLICE_X2Y29          FDRE                                         r  vga_0/s_pixel_clk_reg/C
                         clock pessimism             -0.513     1.469    
    SLICE_X2Y29          FDRE (Hold_fdre_C_D)         0.120     1.589    vga_0/s_pixel_clk_reg
  -------------------------------------------------------------------
                         required time                         -1.589    
                         arrival time                           1.915    
  -------------------------------------------------------------------
                         slack                                  0.326    

Slack (MET) :             0.394ns  (arrival time - required time)
  Source:                 vga_0/v_clock_count_reg[0]/C
                            (rising edge-triggered cell FDRE clocked by sys_clk_pin  {rise@0.000ns fall@5.000ns period=10.000ns})
  Destination:            vga_0/v_clock_count_reg[0]/D
                            (rising edge-triggered cell FDRE clocked by sys_clk_pin  {rise@0.000ns fall@5.000ns period=10.000ns})
  Path Group:             sys_clk_pin
  Path Type:              Hold (Min at Fast Process Corner)
  Requirement:            0.000ns  (sys_clk_pin rise@0.000ns - sys_clk_pin rise@0.000ns)
  Data Path Delay:        0.525ns  (logic 0.244ns (46.482%)  route 0.281ns (53.518%))
  Logic Levels:           1  (LUT1=1)
  Clock Path Skew:        0.000ns (DCD - SCD - CPR)
    Destination Clock Delay (DCD):    1.982ns
    Source Clock Delay      (SCD):    1.469ns
    Clock Pessimism Removal (CPR):    0.513ns

    Location             Delay type                Incr(ns)  Path(ns)    Netlist Resource(s)
  -------------------------------------------------------------------    -------------------
                         (clock sys_clk_pin rise edge)
                                                      0.000     0.000 r  
    W5                                                0.000     0.000 r  clk (IN)
                         net (fo=0)                   0.000     0.000    clk
    W5                   IBUF (Prop_ibuf_I_O)         0.226     0.226 r  clk_IBUF_inst/O
                         net (fo=1, routed)           0.631     0.858    clk_IBUF
    BUFGCTRL_X0Y0        BUFG (Prop_bufg_I_O)         0.026     0.884 r  clk_IBUF_BUFG_inst/O
                         net (fo=2, routed)           0.586     1.469    vga_0/clk_IBUF_BUFG
    SLICE_X2Y29          FDRE                                         r  vga_0/v_clock_count_reg[0]/C
  -------------------------------------------------------------------    -------------------
    SLICE_X2Y29          FDRE (Prop_fdre_C_Q)         0.148     1.617 f  vga_0/v_clock_count_reg[0]/Q
                         net (fo=2, routed)           0.281     1.898    vga_0/v_clock_count[0]
    SLICE_X2Y29          LUT1 (Prop_lut1_I0_O)        0.096     1.994 r  vga_0/v_clock_count[0]_i_1/O
                         net (fo=1, routed)           0.000     1.994    vga_0/v_clock_count[0]_i_1_n_0
    SLICE_X2Y29          FDRE                                         r  vga_0/v_clock_count_reg[0]/D
  -------------------------------------------------------------------    -------------------

                         (clock sys_clk_pin rise edge)
                                                      0.000     0.000 r  
    W5                                                0.000     0.000 r  clk (IN)
                         net (fo=0)                   0.000     0.000    clk
    W5                   IBUF (Prop_ibuf_I_O)         0.414     0.414 r  clk_IBUF_inst/O
                         net (fo=1, routed)           0.685     1.099    clk_IBUF
    BUFGCTRL_X0Y0        BUFG (Prop_bufg_I_O)         0.029     1.128 r  clk_IBUF_BUFG_inst/O
                         net (fo=2, routed)           0.855     1.982    vga_0/clk_IBUF_BUFG
    SLICE_X2Y29          FDRE                                         r  vga_0/v_clock_count_reg[0]/C
                         clock pessimism             -0.513     1.469    
    SLICE_X2Y29          FDRE (Hold_fdre_C_D)         0.131     1.600    vga_0/v_clock_count_reg[0]
  -------------------------------------------------------------------
                         required time                         -1.600    
                         arrival time                           1.994    
  -------------------------------------------------------------------
                         slack                                  0.394    





Pulse Width Checks
--------------------------------------------------------------------------------------
Clock Name:         sys_clk_pin
Waveform(ns):       { 0.000 5.000 }
Period(ns):         10.000
Sources:            { clk }

Check Type        Corner  Lib Pin  Reference Pin  Required(ns)  Actual(ns)  Slack(ns)  Location       Pin
Min Period        n/a     BUFG/I   n/a            2.155         10.000      7.845      BUFGCTRL_X0Y0  clk_IBUF_BUFG_inst/I
Min Period        n/a     FDRE/C   n/a            1.000         10.000      9.000      SLICE_X2Y29    vga_0/s_pixel_clk_reg/C
Min Period        n/a     FDRE/C   n/a            1.000         10.000      9.000      SLICE_X2Y29    vga_0/v_clock_count_reg[0]/C
Low Pulse Width   Slow    FDRE/C   n/a            0.500         5.000       4.500      SLICE_X2Y29    vga_0/s_pixel_clk_reg/C
Low Pulse Width   Slow    FDRE/C   n/a            0.500         5.000       4.500      SLICE_X2Y29    vga_0/v_clock_count_reg[0]/C
Low Pulse Width   Fast    FDRE/C   n/a            0.500         5.000       4.500      SLICE_X2Y29    vga_0/s_pixel_clk_reg/C
Low Pulse Width   Fast    FDRE/C   n/a            0.500         5.000       4.500      SLICE_X2Y29    vga_0/v_clock_count_reg[0]/C
High Pulse Width  Fast    FDRE/C   n/a            0.500         5.000       4.500      SLICE_X2Y29    vga_0/s_pixel_clk_reg/C
High Pulse Width  Fast    FDRE/C   n/a            0.500         5.000       4.500      SLICE_X2Y29    vga_0/v_clock_count_reg[0]/C
High Pulse Width  Slow    FDRE/C   n/a            0.500         5.000       4.500      SLICE_X2Y29    vga_0/s_pixel_clk_reg/C
High Pulse Width  Slow    FDRE/C   n/a            0.500         5.000       4.500      SLICE_X2Y29    vga_0/v_clock_count_reg[0]/C



